Fri 07:45: ########################################## 
Fri 07:45: Compiling.
Fri 07:45: ########################################## 

Fri 07:45: MaxCompiler version: 2014.1 (simulation only).
Fri 07:45: Build Simulation run rule for MatrixVector start time: Fri Jul 25 07:45:10 PDT 2014.
Fri 07:45: Project location: /home/demo/workspace/MatrixVector.
Fri 07:45: Detailed build log: /home/demo/workspace/MatrixVector/RunRules/Simulation/build.log.

Fri 07:45: Compiling Engine Code.
Fri 07:45: Engine building skipped (no changes on .max files).
Fri 07:45: Compiling CPU Code.
Fri 07:45: Run CPU project make files updating
Fri 07:45: Executing command:
Fri 07:45: java -jar /opt/maxeler/maxcompiler/lib/MaxIDE/projectAdmin.jar -u /home/demo/workspace/MatrixVector Simulation 
Fri 07:45: Command output:

Fri 07:45: MaxCompiler Project Admin Tool Version 2014.1.00012
Fri 07:45:  Copyright Maxeler Technologies 2010 - 2014. All rights reserved.

Fri 07:45: Handler version 2
Fri 07:45: Updating RunRule dependent Makefiles for RunRule 'Simulation'
Fri 07:45: 	Updating: Simulation
Fri 07:45: Found makefiles: 1
Fri 07:45: 	Updated: Simulation
Fri 07:45: Run CPU make.
Fri 07:45: make RUNRULE=Simulation 
Fri 07:45: Command output:
Fri 07:45: make -f Makefile.rules build
Fri 07:45: make[1]: Entering directory `/home/demo/workspace/MatrixVector/CPUCode'
Fri 07:45: set -e; rm -f ../RunRules/Simulation/objects/c/MatrixVectorCpuCode.d ;                                                             \
Fri 07:45: 	  cc -M -std=gnu99 -g -O3 -Wall -Wextra -I../RunRules/Simulation/include  -I '/opt/maxeler/maxcompiler/include/slic'  -Wno-error MatrixVectorCpuCode.c > ../RunRules/Simulation/objects/c/MatrixVectorCpuCode.d.$$ ;                                 \
Fri 07:45:       sed 's,\(MatrixVectorCpuCode\)\.o[ :]*,../RunRules/Simulation/objects/c/\1.o ../RunRules/Simulation/objects/c/MatrixVectorCpuCode.d : ,g' < ../RunRules/Simulation/objects/c/MatrixVectorCpuCode.d.$$ > ../RunRules/Simulation/objects/c/MatrixVectorCpuCode.d; \
Fri 07:45:       rm -f ../RunRules/Simulation/objects/c/MatrixVectorCpuCode.d.$$
Fri 07:45: make[1]: Leaving directory `/home/demo/workspace/MatrixVector/CPUCode'
Fri 07:45: make[1]: Entering directory `/home/demo/workspace/MatrixVector/CPUCode'
Fri 07:45: cc -std=gnu99 -g -O3 -Wall -Wextra -I../RunRules/Simulation/include  -I '/opt/maxeler/maxcompiler/include/slic'  -c MatrixVectorCpuCode.c -o ../RunRules/Simulation/objects/c/MatrixVectorCpuCode.o
Fri 07:45: MatrixVectorCpuCode.c: In function ‘main’:
Fri 07:45: MatrixVectorCpuCode.c:27: warning: passing argument 4 of ‘MatrixVector’ from incompatible pointer type
Fri 07:45: cc -std=gnu99 -g -O3 -Wall -Wextra -I../RunRules/Simulation/include  -I '/opt/maxeler/maxcompiler/include/slic'  -o ../RunRules/Simulation/binaries/MatrixVector ../RunRules/Simulation/objects/maxfiles/slic_MatrixVector.o ../RunRules/Simulation/objects/c/MatrixVectorCpuCode.o -g -O3  -L '/opt/maxeler/maxcompiler/lib' -lslic -L '/opt/maxeler/maxcompiler/lib/maxeleros-sim/lib' -lmaxeleros -lpthread -lm -lrt 
Fri 07:45: make[1]: Leaving directory `/home/demo/workspace/MatrixVector/CPUCode'
Fri 07:45: Build completed: Fri Jul 25 07:45:13 PDT 2014


Fri 07:45: ########################################## 
Fri 07:45: Running
Fri 07:45: ########################################## 
Fri 07:45: Executing command:
Fri 07:45: '/home/demo/workspace/MatrixVector/RunRules/Simulation/binaries/MatrixVector' 
Fri 07:45: Command output:
Fri 07:45: Running on DFE.
Fri 07:45:                                  86.000 77.000 15.000 93.000                                  
Fri 07:45:                                  86.000 92.000 49.000 21.000                                  
Fri 07:45: 83.000 35.000 62.000 26.000   X   27.000 90.000 59.000 63.000   =   13181.000  0.000 22199.000 17168.000 
Fri 07:45:                                  40.000 26.000 72.000 36.000                                  
Fri 07:45: Done.
Fri 07:45: Process terminated with exit code 0.
